  glad.c
  Light.cpp
  main.cpp
c:\users\alchenthecat\documents\semestre viii\funciones y tecnicas de computacion grafica\tarea 2  - final por ahora\basicdemo(windows-vs2017)\basicdemo\userinterface.h(68): warning C4305: 'initializing': truncation from 'double' to 'float'
c:\users\alchenthecat\documents\semestre viii\funciones y tecnicas de computacion grafica\tarea 2  - final por ahora\basicdemo(windows-vs2017)\basicdemo\main.cpp(202): warning C4305: 'initializing': truncation from 'double' to 'float'
c:\users\alchenthecat\documents\semestre viii\funciones y tecnicas de computacion grafica\tarea 2  - final por ahora\basicdemo(windows-vs2017)\basicdemo\main.cpp(204): warning C4305: 'initializing': truncation from 'double' to 'float'
c:\users\alchenthecat\documents\semestre viii\funciones y tecnicas de computacion grafica\tarea 2  - final por ahora\basicdemo(windows-vs2017)\basicdemo\main.cpp(205): warning C4305: 'initializing': truncation from 'double' to 'float'
c:\users\alchenthecat\documents\semestre viii\funciones y tecnicas de computacion grafica\tarea 2  - final por ahora\basicdemo(windows-vs2017)\basicdemo\main.cpp(206): warning C4305: 'initializing': truncation from 'double' to 'float'
c:\users\alchenthecat\documents\semestre viii\funciones y tecnicas de computacion grafica\tarea 2  - final por ahora\basicdemo(windows-vs2017)\basicdemo\main.cpp(266): warning C4305: 'initializing': truncation from 'double' to 'float'
c:\users\alchenthecat\documents\semestre viii\funciones y tecnicas de computacion grafica\tarea 2  - final por ahora\basicdemo(windows-vs2017)\basicdemo\main.cpp(887): warning C4244: '=': conversion from 'double' to 'float', possible loss of data
c:\users\alchenthecat\documents\semestre viii\funciones y tecnicas de computacion grafica\tarea 2  - final por ahora\basicdemo(windows-vs2017)\basicdemo\main.cpp(1038): warning C4018: '<': signed/unsigned mismatch
c:\users\alchenthecat\documents\semestre viii\funciones y tecnicas de computacion grafica\tarea 2  - final por ahora\basicdemo(windows-vs2017)\basicdemo\main.cpp(1140): warning C4018: '<': signed/unsigned mismatch
c:\users\alchenthecat\documents\semestre viii\funciones y tecnicas de computacion grafica\tarea 2  - final por ahora\basicdemo(windows-vs2017)\basicdemo\main.cpp(1207): warning C4018: '<': signed/unsigned mismatch
c:\users\alchenthecat\documents\semestre viii\funciones y tecnicas de computacion grafica\tarea 2  - final por ahora\basicdemo(windows-vs2017)\basicdemo\main.cpp(1269): warning C4018: '<': signed/unsigned mismatch
c:\users\alchenthecat\documents\semestre viii\funciones y tecnicas de computacion grafica\tarea 2  - final por ahora\basicdemo(windows-vs2017)\basicdemo\main.cpp(1319): warning C4018: '<': signed/unsigned mismatch
c:\users\alchenthecat\documents\semestre viii\funciones y tecnicas de computacion grafica\tarea 2  - final por ahora\basicdemo(windows-vs2017)\basicdemo\main.cpp(1349): warning C4018: '<': signed/unsigned mismatch
c:\users\alchenthecat\documents\semestre viii\funciones y tecnicas de computacion grafica\tarea 2  - final por ahora\basicdemo(windows-vs2017)\basicdemo\main.cpp(1365): warning C4018: '<': signed/unsigned mismatch
c:\users\alchenthecat\documents\semestre viii\funciones y tecnicas de computacion grafica\tarea 2  - final por ahora\basicdemo(windows-vs2017)\basicdemo\main.cpp(1401): warning C4018: '<': signed/unsigned mismatch
  Model.cpp
  Shader.cpp
  stb_image.cpp
  UserInterface.cpp
c:\users\alchenthecat\documents\semestre viii\funciones y tecnicas de computacion grafica\tarea 2  - final por ahora\basicdemo(windows-vs2017)\basicdemo\userinterface.h(68): warning C4305: 'initializing': truncation from 'double' to 'float'
  Generating Code...
LINK : warning LNK4098: defaultlib 'MSVCRT' conflicts with use of other libs; use /NODEFAULTLIB:library
  basicDemo.vcxproj -> C:\Users\AlchenTheCat\Documents\Semestre VIII\Funciones y Tecnicas de Computacion Grafica\Tarea 2  - FINAL POR AHORA\basicDemo(Windows-VS2017)\Debug\basicDemo.exe
